{
  "stats": {
    "suites": 1,
    "tests": 1,
    "passes": 1,
    "pending": 0,
    "failures": 0,
    "start": "2023-09-05T17:30:10.730Z",
    "end": "2023-09-05T17:30:13.322Z",
    "duration": 2592,
    "testsRegistered": 1,
    "passPercent": 100,
    "pendingPercent": 0,
    "other": 0,
    "hasOther": false,
    "skipped": 0,
    "hasSkipped": false
  },
  "results": [
    {
      "uuid": "facbe069-da7d-489e-9a44-89494b60c34e",
      "title": "",
      "fullFile": "cypress\\e2e\\tabs.js",
      "file": "cypress\\e2e\\tabs.js",
      "beforeHooks": [],
      "afterHooks": [],
      "tests": [],
      "suites": [
        {
          "uuid": "273f4f56-5e78-4db2-a23b-22e22aec26af",
          "title": "practicing each method",
          "fullFile": "",
          "file": "",
          "beforeHooks": [],
          "afterHooks": [],
          "tests": [
            {
              "title": "practice tabs method",
              "fullTitle": "practicing each method practice tabs method",
              "timedOut": null,
              "duration": 910,
              "state": "passed",
              "speed": "fast",
              "pass": true,
              "fail": false,
              "pending": false,
              "context": null,
              "code": "cy.visit('https://the-internet.herokuapp.com/windows');\ncy.get('.example a').invoke('removeAttr', 'target').click();",
              "err": {},
              "uuid": "346fa88d-35de-4a53-87b3-34c1cfe0f852",
              "parentUUID": "273f4f56-5e78-4db2-a23b-22e22aec26af",
              "isHook": false,
              "skipped": false
            }
          ],
          "suites": [],
          "passes": [
            "346fa88d-35de-4a53-87b3-34c1cfe0f852"
          ],
          "failures": [],
          "pending": [],
          "skipped": [],
          "duration": 910,
          "root": false,
          "rootEmpty": false,
          "_timeout": 2000
        }
      ],
      "passes": [],
      "failures": [],
      "pending": [],
      "skipped": [],
      "duration": 0,
      "root": true,
      "rootEmpty": true,
      "_timeout": 2000
    }
  ],
  "meta": {
    "mocha": {
      "version": "7.0.1"
    },
    "mochawesome": {
      "options": {
        "quiet": false,
        "reportFilename": "mochawesome",
        "saveHtml": true,
        "saveJson": true,
        "consoleReporter": "spec",
        "useInlineDiffs": false,
        "code": true
      },
      "version": "7.1.3"
    },
    "marge": {
      "options": null,
      "version": "6.2.0"
    }
  }
}